2025-05-16 13:31:52.563 | INFO     | __main__:<module>:38 - Logger loaded.
2025-05-16 13:31:52.564 | INFO     | __main__:main:154 - START main() in utils_branton_advanced.py
2025-05-16 13:31:52.564 | INFO     | __main__:main:157 - Byline:

---------------------------------------------------------
Stellar Analytics: Delivering Professional Insights
---------------------------------------------------------
Has International Clients:  True
Located in USA:            False
Choice in Analytics:     ['Data Science', 'Data Engineering', 'Business Analytics']
Average Client Satisfaction: 4.7
Average Grade Point:      3.8
Number of Students:       425
Average Student Grade:   3.88
Minimum Student Grade:   3.7
Maximum Student Grade:   4.0
Standard Deviation of Student Grades: 0.13
Years in Operation:         10
Skills Offered:             ['Data Analysis', 'Machine Learning', 'Business Intelligence']
Client Satisfaction Scores: [4.8, 4.6, 4.9, 5.0, 4.7]
Minimum Satisfaction Score: 4.6
Maximum Satisfaction Score: 5.0
Mean Satisfaction Score: 4.80
Standard Deviation of Satisfaction Scores: 0.16

2025-05-16 13:32:55.790 | INFO     | __main__:main:163 - END main() in utils_branton_advanced.py
2025-05-16 16:10:04.316 | INFO     | utils_branton_advanced:<module>:38 - Logger loaded.
2025-05-16 16:10:04.318 | INFO     | __main__:<module>:37 - Logger loaded.
2025-05-16 16:10:04.318 | INFO     | __main__:<module>:37 - Logger loaded.
2025-05-16 16:10:04.318 | INFO     | __main__:main:212 - #####################################
2025-05-16 16:10:04.318 | INFO     | __main__:main:212 - #####################################
2025-05-16 16:10:04.318 | INFO     | __main__:main:213 - # Starting execution of main()
2025-05-16 16:10:04.318 | INFO     | __main__:main:213 - # Starting execution of main()
2025-05-16 16:10:04.318 | INFO     | __main__:main:214 - #####################################

2025-05-16 16:10:04.318 | INFO     | __main__:main:214 - #####################################

2025-05-16 16:10:04.318 | INFO     | __main__:main:217 - Byline: 
---------------------------------------------------------
Stellar Analytics: Delivering Professional Insights
---------------------------------------------------------
Has International Clients:  True
Located in USA:            False
Choice in Analytics:     ['Data Science', 'Data Engineering', 'Business Analytics']
Average Client Satisfaction: 4.7
Average Grade Point:      3.8
Number of Students:       425
Average Student Grade:   3.88
Minimum Student Grade:   3.7
Maximum Student Grade:   4.0
Standard Deviation of Student Grades: 0.13
Years in Operation:         10
Skills Offered:             ['Data Analysis', 'Machine Learning', 'Business Intelligence']
Client Satisfaction Scores: [4.8, 4.6, 4.9, 5.0, 4.7]
Minimum Satisfaction Score: 4.6
Maximum Satisfaction Score: 5.0
Mean Satisfaction Score: 4.80
Standard Deviation of Satisfaction Scores: 0.16

2025-05-16 16:10:04.318 | INFO     | __main__:main:217 - Byline: 
---------------------------------------------------------
Stellar Analytics: Delivering Professional Insights
---------------------------------------------------------
Has International Clients:  True
Located in USA:            False
Choice in Analytics:     ['Data Science', 'Data Engineering', 'Business Analytics']
Average Client Satisfaction: 4.7
Average Grade Point:      3.8
Number of Students:       425
Average Student Grade:   3.88
Minimum Student Grade:   3.7
Maximum Student Grade:   4.0
Standard Deviation of Student Grades: 0.13
Years in Operation:         10
Skills Offered:             ['Data Analysis', 'Machine Learning', 'Business Intelligence']
Client Satisfaction Scores: [4.8, 4.6, 4.9, 5.0, 4.7]
Minimum Satisfaction Score: 4.6
Maximum Satisfaction Score: 5.0
Mean Satisfaction Score: 4.80
Standard Deviation of Satisfaction Scores: 0.16

2025-05-16 16:10:04.319 | INFO     | __main__:create_folders_for_range:73 - FUNCTION: create_folders_for_range()
2025-05-16 16:10:04.319 | INFO     | __main__:create_folders_for_range:73 - FUNCTION: create_folders_for_range()
2025-05-16 16:10:04.319 | INFO     | __main__:create_folders_for_range:74 - PARAMETERS: start_year = 2020, end_year = 2025
2025-05-16 16:10:04.319 | INFO     | __main__:create_folders_for_range:74 - PARAMETERS: start_year = 2020, end_year = 2025
2025-05-16 16:10:04.319 | INFO     | __main__:create_folders_for_range:81 - Created folder: C:\Projects\datafun-02-automation\2020
2025-05-16 16:10:04.319 | INFO     | __main__:create_folders_for_range:81 - Created folder: C:\Projects\datafun-02-automation\2020
2025-05-16 16:10:04.320 | INFO     | __main__:create_folders_for_range:81 - Created folder: C:\Projects\datafun-02-automation\2021
2025-05-16 16:10:04.320 | INFO     | __main__:create_folders_for_range:81 - Created folder: C:\Projects\datafun-02-automation\2021
2025-05-16 16:10:04.320 | INFO     | __main__:create_folders_for_range:81 - Created folder: C:\Projects\datafun-02-automation\2022
2025-05-16 16:10:04.320 | INFO     | __main__:create_folders_for_range:81 - Created folder: C:\Projects\datafun-02-automation\2022
2025-05-16 16:10:04.321 | INFO     | __main__:create_folders_for_range:81 - Created folder: C:\Projects\datafun-02-automation\2023
2025-05-16 16:10:04.321 | INFO     | __main__:create_folders_for_range:81 - Created folder: C:\Projects\datafun-02-automation\2023
2025-05-16 16:10:04.321 | INFO     | __main__:create_folders_for_range:81 - Created folder: C:\Projects\datafun-02-automation\2024
2025-05-16 16:10:04.321 | INFO     | __main__:create_folders_for_range:81 - Created folder: C:\Projects\datafun-02-automation\2024
2025-05-16 16:10:04.322 | INFO     | __main__:create_folders_for_range:81 - Created folder: C:\Projects\datafun-02-automation\2025
2025-05-16 16:10:04.322 | INFO     | __main__:create_folders_for_range:81 - Created folder: C:\Projects\datafun-02-automation\2025
2025-05-16 16:10:04.322 | INFO     | __main__:create_folders_from_list:100 - FUNCTION: create_folders_from_list()
2025-05-16 16:10:04.322 | INFO     | __main__:create_folders_from_list:100 - FUNCTION: create_folders_from_list()
2025-05-16 16:10:04.323 | INFO     | __main__:create_folders_from_list:101 - PARAMETER: folder_list = ['data-csv', 'data-excel', 'data-json']
2025-05-16 16:10:04.323 | INFO     | __main__:create_folders_from_list:101 - PARAMETER: folder_list = ['data-csv', 'data-excel', 'data-json']
2025-05-16 16:10:04.323 | INFO     | __main__:create_folders_from_list:108 - Created folder: C:\Projects\datafun-02-automation\data-csv
2025-05-16 16:10:04.323 | INFO     | __main__:create_folders_from_list:108 - Created folder: C:\Projects\datafun-02-automation\data-csv
2025-05-16 16:10:04.324 | INFO     | __main__:create_folders_from_list:108 - Created folder: C:\Projects\datafun-02-automation\data-excel
2025-05-16 16:10:04.324 | INFO     | __main__:create_folders_from_list:108 - Created folder: C:\Projects\datafun-02-automation\data-excel
2025-05-16 16:10:04.325 | INFO     | __main__:create_folders_from_list:108 - Created folder: C:\Projects\datafun-02-automation\data-json
2025-05-16 16:10:04.325 | INFO     | __main__:create_folders_from_list:108 - Created folder: C:\Projects\datafun-02-automation\data-json
2025-05-16 16:10:04.325 | INFO     | __main__:create_prefixed_folders_using_list_comprehension:129 - FUNCTION: create_prefixed_folders()
2025-05-16 16:10:04.325 | INFO     | __main__:create_prefixed_folders_using_list_comprehension:129 - FUNCTION: create_prefixed_folders()
2025-05-16 16:10:04.325 | INFO     | __main__:create_prefixed_folders_using_list_comprehension:130 - PARAMETERS: folder_list = ['csv', 'excel', 'json'], prefix = output-
2025-05-16 16:10:04.325 | INFO     | __main__:create_prefixed_folders_using_list_comprehension:130 - PARAMETERS: folder_list = ['csv', 'excel', 'json'], prefix = output-
2025-05-16 16:10:04.325 | INFO     | __main__:create_prefixed_folders_using_list_comprehension:139 - Created folder: C:\Projects\datafun-02-automation\output-csv
2025-05-16 16:10:04.325 | INFO     | __main__:create_prefixed_folders_using_list_comprehension:139 - Created folder: C:\Projects\datafun-02-automation\output-csv
2025-05-16 16:10:04.326 | INFO     | __main__:create_prefixed_folders_using_list_comprehension:139 - Created folder: C:\Projects\datafun-02-automation\output-excel
2025-05-16 16:10:04.326 | INFO     | __main__:create_prefixed_folders_using_list_comprehension:139 - Created folder: C:\Projects\datafun-02-automation\output-excel
2025-05-16 16:10:04.326 | INFO     | __main__:create_prefixed_folders_using_list_comprehension:139 - Created folder: C:\Projects\datafun-02-automation\output-json
2025-05-16 16:10:04.326 | INFO     | __main__:create_prefixed_folders_using_list_comprehension:139 - Created folder: C:\Projects\datafun-02-automation\output-json
2025-05-16 16:10:04.327 | INFO     | __main__:create_prefixed_folders_using_list_comprehension:140 - Total prefixed folders created: 3
2025-05-16 16:10:04.327 | INFO     | __main__:create_prefixed_folders_using_list_comprehension:140 - Total prefixed folders created: 3
2025-05-16 16:10:04.327 | INFO     | __main__:create_folders_periodically:156 - FUNCTION: create_folders_periodically()
2025-05-16 16:10:04.327 | INFO     | __main__:create_folders_periodically:156 - FUNCTION: create_folders_periodically()
2025-05-16 16:10:04.327 | INFO     | __main__:create_folders_periodically:157 - PARAMETER: duration_seconds = 5
2025-05-16 16:10:04.327 | INFO     | __main__:create_folders_periodically:157 - PARAMETER: duration_seconds = 5
2025-05-16 16:10:04.327 | INFO     | __main__:create_folders_periodically:166 - Created folder: C:\Projects\datafun-02-automation\sleepfive_folder_1
2025-05-16 16:10:04.327 | INFO     | __main__:create_folders_periodically:166 - Created folder: C:\Projects\datafun-02-automation\sleepfive_folder_1
2025-05-16 16:10:04.327 | INFO     | __main__:create_folders_periodically:169 - Waiting 5 seconds before creating the next folder...
2025-05-16 16:10:04.327 | INFO     | __main__:create_folders_periodically:169 - Waiting 5 seconds before creating the next folder...
2025-05-16 16:10:09.329 | INFO     | __main__:create_folders_periodically:166 - Created folder: C:\Projects\datafun-02-automation\sleepfive_folder_2
2025-05-16 16:10:09.329 | INFO     | __main__:create_folders_periodically:166 - Created folder: C:\Projects\datafun-02-automation\sleepfive_folder_2
2025-05-16 16:10:09.329 | INFO     | __main__:create_folders_periodically:169 - Waiting 5 seconds before creating the next folder...
2025-05-16 16:10:09.329 | INFO     | __main__:create_folders_periodically:169 - Waiting 5 seconds before creating the next folder...
2025-05-16 16:10:14.336 | INFO     | __main__:create_folders_periodically:166 - Created folder: C:\Projects\datafun-02-automation\sleepfive_folder_3
2025-05-16 16:10:14.336 | INFO     | __main__:create_folders_periodically:166 - Created folder: C:\Projects\datafun-02-automation\sleepfive_folder_3
2025-05-16 16:10:14.336 | INFO     | __main__:create_folders_periodically:169 - Waiting 5 seconds before creating the next folder...
2025-05-16 16:10:14.336 | INFO     | __main__:create_folders_periodically:169 - Waiting 5 seconds before creating the next folder...
2025-05-16 16:10:19.338 | INFO     | __main__:create_folders_periodically:166 - Created folder: C:\Projects\datafun-02-automation\sleepfive_folder_4
2025-05-16 16:10:19.338 | INFO     | __main__:create_folders_periodically:166 - Created folder: C:\Projects\datafun-02-automation\sleepfive_folder_4
2025-05-16 16:10:19.338 | INFO     | __main__:create_folders_periodically:169 - Waiting 5 seconds before creating the next folder...
2025-05-16 16:10:19.338 | INFO     | __main__:create_folders_periodically:169 - Waiting 5 seconds before creating the next folder...
2025-05-16 16:10:24.340 | INFO     | __main__:create_folders_periodically:166 - Created folder: C:\Projects\datafun-02-automation\sleepfive_folder_5
2025-05-16 16:10:24.340 | INFO     | __main__:create_folders_periodically:166 - Created folder: C:\Projects\datafun-02-automation\sleepfive_folder_5
2025-05-16 16:10:24.341 | INFO     | __main__:create_folders_periodically:172 - Total sleepfive folders created: 5
2025-05-16 16:10:24.341 | INFO     | __main__:create_folders_periodically:172 - Total sleepfive folders created: 5
2025-05-16 16:10:24.341 | INFO     | __main__:create_folders_periodically:173 - List of sleepfive folders: ['sleepfive_folder_1', 'sleepfive_folder_2', 'sleepfive_folder_3', 'sleepfive_folder_4', 'sleepfive_folder_5']
2025-05-16 16:10:24.341 | INFO     | __main__:create_folders_periodically:173 - List of sleepfive folders: ['sleepfive_folder_1', 'sleepfive_folder_2', 'sleepfive_folder_3', 'sleepfive_folder_4', 'sleepfive_folder_5']
2025-05-16 16:10:24.342 | INFO     | __main__:create_standardized_folders:192 - FUNCTION: create_standardized_folders()
2025-05-16 16:10:24.342 | INFO     | __main__:create_standardized_folders:192 - FUNCTION: create_standardized_folders()
2025-05-16 16:10:24.342 | INFO     | __main__:create_standardized_folders:193 - PARAMETERS: folder_list = ['North America', 'South America', 'Europe', 'Asia', 'Africa', 'Oceania', 'Middle East'], to_lowercase = True, remove_spaces = True
2025-05-16 16:10:24.342 | INFO     | __main__:create_standardized_folders:193 - PARAMETERS: folder_list = ['North America', 'South America', 'Europe', 'Asia', 'Africa', 'Oceania', 'Middle East'], to_lowercase = True, remove_spaces = True
2025-05-16 16:10:24.343 | INFO     | __main__:create_standardized_folders:203 - Created standardized folder: C:\Projects\datafun-02-automation\standard_folder_northamerica
2025-05-16 16:10:24.343 | INFO     | __main__:create_standardized_folders:203 - Created standardized folder: C:\Projects\datafun-02-automation\standard_folder_northamerica
2025-05-16 16:10:24.344 | INFO     | __main__:create_standardized_folders:203 - Created standardized folder: C:\Projects\datafun-02-automation\standard_folder_southamerica
2025-05-16 16:10:24.344 | INFO     | __main__:create_standardized_folders:203 - Created standardized folder: C:\Projects\datafun-02-automation\standard_folder_southamerica
2025-05-16 16:10:24.345 | INFO     | __main__:create_standardized_folders:203 - Created standardized folder: C:\Projects\datafun-02-automation\standard_folder_europe
2025-05-16 16:10:24.345 | INFO     | __main__:create_standardized_folders:203 - Created standardized folder: C:\Projects\datafun-02-automation\standard_folder_europe
2025-05-16 16:10:24.346 | INFO     | __main__:create_standardized_folders:203 - Created standardized folder: C:\Projects\datafun-02-automation\standard_folder_asia
2025-05-16 16:10:24.346 | INFO     | __main__:create_standardized_folders:203 - Created standardized folder: C:\Projects\datafun-02-automation\standard_folder_asia
2025-05-16 16:10:24.347 | INFO     | __main__:create_standardized_folders:203 - Created standardized folder: C:\Projects\datafun-02-automation\standard_folder_africa
2025-05-16 16:10:24.347 | INFO     | __main__:create_standardized_folders:203 - Created standardized folder: C:\Projects\datafun-02-automation\standard_folder_africa
2025-05-16 16:10:24.357 | INFO     | __main__:create_standardized_folders:203 - Created standardized folder: C:\Projects\datafun-02-automation\standard_folder_oceania
2025-05-16 16:10:24.357 | INFO     | __main__:create_standardized_folders:203 - Created standardized folder: C:\Projects\datafun-02-automation\standard_folder_oceania
2025-05-16 16:10:24.357 | INFO     | __main__:create_standardized_folders:203 - Created standardized folder: C:\Projects\datafun-02-automation\standard_folder_middleeast
2025-05-16 16:10:24.357 | INFO     | __main__:create_standardized_folders:203 - Created standardized folder: C:\Projects\datafun-02-automation\standard_folder_middleeast
2025-05-16 16:10:24.358 | INFO     | __main__:main:238 - 
#####################################
2025-05-16 16:10:24.358 | INFO     | __main__:main:238 - 
#####################################
2025-05-16 16:10:24.358 | INFO     | __main__:main:239 - # Completed execution of main()
2025-05-16 16:10:24.358 | INFO     | __main__:main:239 - # Completed execution of main()
2025-05-16 16:10:24.358 | INFO     | __main__:main:240 - #####################################
2025-05-16 16:10:24.358 | INFO     | __main__:main:240 - #####################################
2025-05-16 16:32:35.983 | INFO     | utils_branton_advanced:<module>:38 - Logger loaded.
2025-05-16 16:32:35.984 | INFO     | __main__:<module>:37 - Logger loaded.
2025-05-16 16:32:35.984 | INFO     | __main__:<module>:37 - Logger loaded.
2025-05-16 16:32:35.984 | INFO     | __main__:main:214 - #####################################
2025-05-16 16:32:35.984 | INFO     | __main__:main:214 - #####################################
2025-05-16 16:32:35.985 | INFO     | __main__:main:215 - # Starting execution of main()
2025-05-16 16:32:35.985 | INFO     | __main__:main:215 - # Starting execution of main()
2025-05-16 16:32:35.985 | INFO     | __main__:main:216 - #####################################

2025-05-16 16:32:35.985 | INFO     | __main__:main:216 - #####################################

2025-05-16 16:32:35.985 | INFO     | __main__:main:219 - Byline: 
---------------------------------------------------------
Stellar Analytics: Delivering Professional Insights
---------------------------------------------------------
Has International Clients:  True
Located in USA:            False
Choice in Analytics:     ['Data Science', 'Data Engineering', 'Business Analytics']
Average Client Satisfaction: 4.7
Average Grade Point:      3.8
Number of Students:       425
Average Student Grade:   3.88
Minimum Student Grade:   3.7
Maximum Student Grade:   4.0
Standard Deviation of Student Grades: 0.13
Years in Operation:         10
Skills Offered:             ['Data Analysis', 'Machine Learning', 'Business Intelligence']
Client Satisfaction Scores: [4.8, 4.6, 4.9, 5.0, 4.7]
Minimum Satisfaction Score: 4.6
Maximum Satisfaction Score: 5.0
Mean Satisfaction Score: 4.80
Standard Deviation of Satisfaction Scores: 0.16

2025-05-16 16:32:35.985 | INFO     | __main__:main:219 - Byline: 
---------------------------------------------------------
Stellar Analytics: Delivering Professional Insights
---------------------------------------------------------
Has International Clients:  True
Located in USA:            False
Choice in Analytics:     ['Data Science', 'Data Engineering', 'Business Analytics']
Average Client Satisfaction: 4.7
Average Grade Point:      3.8
Number of Students:       425
Average Student Grade:   3.88
Minimum Student Grade:   3.7
Maximum Student Grade:   4.0
Standard Deviation of Student Grades: 0.13
Years in Operation:         10
Skills Offered:             ['Data Analysis', 'Machine Learning', 'Business Intelligence']
Client Satisfaction Scores: [4.8, 4.6, 4.9, 5.0, 4.7]
Minimum Satisfaction Score: 4.6
Maximum Satisfaction Score: 5.0
Mean Satisfaction Score: 4.80
Standard Deviation of Satisfaction Scores: 0.16

2025-05-16 16:32:35.985 | INFO     | __main__:create_folders_for_range:73 - FUNCTION: create_folders_for_range()
2025-05-16 16:32:35.985 | INFO     | __main__:create_folders_for_range:73 - FUNCTION: create_folders_for_range()
2025-05-16 16:32:35.986 | INFO     | __main__:create_folders_for_range:74 - PARAMETERS: start_year = 2020, end_year = 2025
2025-05-16 16:32:35.986 | INFO     | __main__:create_folders_for_range:74 - PARAMETERS: start_year = 2020, end_year = 2025
2025-05-16 16:32:35.986 | INFO     | __main__:create_folders_for_range:81 - Created folder: C:\Projects\datafun-02-automation\2020
2025-05-16 16:32:35.986 | INFO     | __main__:create_folders_for_range:81 - Created folder: C:\Projects\datafun-02-automation\2020
2025-05-16 16:32:35.986 | INFO     | __main__:create_folders_for_range:81 - Created folder: C:\Projects\datafun-02-automation\2021
2025-05-16 16:32:35.986 | INFO     | __main__:create_folders_for_range:81 - Created folder: C:\Projects\datafun-02-automation\2021
2025-05-16 16:32:35.987 | INFO     | __main__:create_folders_for_range:81 - Created folder: C:\Projects\datafun-02-automation\2022
2025-05-16 16:32:35.987 | INFO     | __main__:create_folders_for_range:81 - Created folder: C:\Projects\datafun-02-automation\2022
2025-05-16 16:32:35.987 | INFO     | __main__:create_folders_for_range:81 - Created folder: C:\Projects\datafun-02-automation\2023
2025-05-16 16:32:35.987 | INFO     | __main__:create_folders_for_range:81 - Created folder: C:\Projects\datafun-02-automation\2023
2025-05-16 16:32:35.988 | INFO     | __main__:create_folders_for_range:81 - Created folder: C:\Projects\datafun-02-automation\2024
2025-05-16 16:32:35.988 | INFO     | __main__:create_folders_for_range:81 - Created folder: C:\Projects\datafun-02-automation\2024
2025-05-16 16:32:35.988 | INFO     | __main__:create_folders_for_range:81 - Created folder: C:\Projects\datafun-02-automation\2025
2025-05-16 16:32:35.988 | INFO     | __main__:create_folders_for_range:81 - Created folder: C:\Projects\datafun-02-automation\2025
2025-05-16 16:32:35.988 | INFO     | __main__:create_folders_from_list:100 - FUNCTION: create_folders_from_list()
2025-05-16 16:32:35.988 | INFO     | __main__:create_folders_from_list:100 - FUNCTION: create_folders_from_list()
2025-05-16 16:32:35.988 | INFO     | __main__:create_folders_from_list:101 - PARAMETER: folder_list = ['data-csv', 'data-excel', 'data-json']
2025-05-16 16:32:35.988 | INFO     | __main__:create_folders_from_list:101 - PARAMETER: folder_list = ['data-csv', 'data-excel', 'data-json']
2025-05-16 16:32:35.989 | INFO     | __main__:create_folders_from_list:108 - Created folder: C:\Projects\datafun-02-automation\data-csv
2025-05-16 16:32:35.989 | INFO     | __main__:create_folders_from_list:108 - Created folder: C:\Projects\datafun-02-automation\data-csv
2025-05-16 16:32:35.989 | INFO     | __main__:create_folders_from_list:108 - Created folder: C:\Projects\datafun-02-automation\data-excel
2025-05-16 16:32:35.989 | INFO     | __main__:create_folders_from_list:108 - Created folder: C:\Projects\datafun-02-automation\data-excel
2025-05-16 16:32:35.990 | INFO     | __main__:create_folders_from_list:108 - Created folder: C:\Projects\datafun-02-automation\data-json
2025-05-16 16:32:35.990 | INFO     | __main__:create_folders_from_list:108 - Created folder: C:\Projects\datafun-02-automation\data-json
2025-05-16 16:32:35.990 | INFO     | __main__:create_prefixed_folders_using_list_comprehension:129 - FUNCTION: create_prefixed_folders()
2025-05-16 16:32:35.990 | INFO     | __main__:create_prefixed_folders_using_list_comprehension:129 - FUNCTION: create_prefixed_folders()
2025-05-16 16:32:35.990 | INFO     | __main__:create_prefixed_folders_using_list_comprehension:130 - PARAMETERS: folder_list = ['csv', 'excel', 'json'], prefix = output-
2025-05-16 16:32:35.990 | INFO     | __main__:create_prefixed_folders_using_list_comprehension:130 - PARAMETERS: folder_list = ['csv', 'excel', 'json'], prefix = output-
2025-05-16 16:32:35.990 | INFO     | __main__:create_prefixed_folders_using_list_comprehension:139 - Created folder: C:\Projects\datafun-02-automation\output-csv
2025-05-16 16:32:35.990 | INFO     | __main__:create_prefixed_folders_using_list_comprehension:139 - Created folder: C:\Projects\datafun-02-automation\output-csv
2025-05-16 16:32:35.991 | INFO     | __main__:create_prefixed_folders_using_list_comprehension:139 - Created folder: C:\Projects\datafun-02-automation\output-excel
2025-05-16 16:32:35.991 | INFO     | __main__:create_prefixed_folders_using_list_comprehension:139 - Created folder: C:\Projects\datafun-02-automation\output-excel
2025-05-16 16:32:35.991 | INFO     | __main__:create_prefixed_folders_using_list_comprehension:139 - Created folder: C:\Projects\datafun-02-automation\output-json
2025-05-16 16:32:35.991 | INFO     | __main__:create_prefixed_folders_using_list_comprehension:139 - Created folder: C:\Projects\datafun-02-automation\output-json
2025-05-16 16:32:35.991 | INFO     | __main__:create_prefixed_folders_using_list_comprehension:140 - Total prefixed folders created: 3
2025-05-16 16:32:35.991 | INFO     | __main__:create_prefixed_folders_using_list_comprehension:140 - Total prefixed folders created: 3
2025-05-16 16:32:35.991 | INFO     | __main__:create_folders_periodically:156 - FUNCTION: create_folders_periodically()
2025-05-16 16:32:35.991 | INFO     | __main__:create_folders_periodically:156 - FUNCTION: create_folders_periodically()
2025-05-16 16:32:35.992 | INFO     | __main__:create_folders_periodically:157 - PARAMETER: duration_seconds = 5
2025-05-16 16:32:35.992 | INFO     | __main__:create_folders_periodically:157 - PARAMETER: duration_seconds = 5
2025-05-16 16:32:35.992 | INFO     | __main__:create_folders_periodically:167 - Created folder: C:\Projects\datafun-02-automation\sleepfive_folder_1
2025-05-16 16:32:35.992 | INFO     | __main__:create_folders_periodically:167 - Created folder: C:\Projects\datafun-02-automation\sleepfive_folder_1
2025-05-16 16:32:35.992 | INFO     | __main__:create_folders_periodically:170 - Waiting 5 seconds before creating the next folder...
2025-05-16 16:32:35.992 | INFO     | __main__:create_folders_periodically:170 - Waiting 5 seconds before creating the next folder...
2025-05-16 16:32:40.993 | INFO     | __main__:create_folders_periodically:167 - Created folder: C:\Projects\datafun-02-automation\sleepfive_folder_2
2025-05-16 16:32:40.993 | INFO     | __main__:create_folders_periodically:167 - Created folder: C:\Projects\datafun-02-automation\sleepfive_folder_2
2025-05-16 16:32:40.994 | INFO     | __main__:create_folders_periodically:170 - Waiting 5 seconds before creating the next folder...
2025-05-16 16:32:40.994 | INFO     | __main__:create_folders_periodically:170 - Waiting 5 seconds before creating the next folder...
2025-05-16 16:32:45.995 | INFO     | __main__:create_folders_periodically:167 - Created folder: C:\Projects\datafun-02-automation\sleepfive_folder_3
2025-05-16 16:32:45.995 | INFO     | __main__:create_folders_periodically:167 - Created folder: C:\Projects\datafun-02-automation\sleepfive_folder_3
2025-05-16 16:32:45.996 | INFO     | __main__:create_folders_periodically:170 - Waiting 5 seconds before creating the next folder...
2025-05-16 16:32:45.996 | INFO     | __main__:create_folders_periodically:170 - Waiting 5 seconds before creating the next folder...
2025-05-16 16:32:50.998 | INFO     | __main__:create_folders_periodically:167 - Created folder: C:\Projects\datafun-02-automation\sleepfive_folder_4
2025-05-16 16:32:50.998 | INFO     | __main__:create_folders_periodically:167 - Created folder: C:\Projects\datafun-02-automation\sleepfive_folder_4
2025-05-16 16:32:50.999 | INFO     | __main__:create_folders_periodically:170 - Waiting 5 seconds before creating the next folder...
2025-05-16 16:32:50.999 | INFO     | __main__:create_folders_periodically:170 - Waiting 5 seconds before creating the next folder...
2025-05-16 16:32:56.001 | INFO     | __main__:create_folders_periodically:167 - Created folder: C:\Projects\datafun-02-automation\sleepfive_folder_5
2025-05-16 16:32:56.001 | INFO     | __main__:create_folders_periodically:167 - Created folder: C:\Projects\datafun-02-automation\sleepfive_folder_5
2025-05-16 16:32:56.002 | INFO     | __main__:create_folders_periodically:174 - Total sleepfive folders created: 5
2025-05-16 16:32:56.002 | INFO     | __main__:create_folders_periodically:174 - Total sleepfive folders created: 5
2025-05-16 16:32:56.003 | INFO     | __main__:create_folders_periodically:175 - List of sleepfive folders: ['sleepfive_folder_1', 'sleepfive_folder_2', 'sleepfive_folder_3', 'sleepfive_folder_4', 'sleepfive_folder_5']
2025-05-16 16:32:56.003 | INFO     | __main__:create_folders_periodically:175 - List of sleepfive folders: ['sleepfive_folder_1', 'sleepfive_folder_2', 'sleepfive_folder_3', 'sleepfive_folder_4', 'sleepfive_folder_5']
2025-05-16 16:32:56.003 | INFO     | __main__:create_standardized_folders:194 - FUNCTION: create_standardized_folders()
2025-05-16 16:32:56.003 | INFO     | __main__:create_standardized_folders:194 - FUNCTION: create_standardized_folders()
2025-05-16 16:32:56.004 | INFO     | __main__:create_standardized_folders:195 - PARAMETERS: folder_list = ['North America', 'South America', 'Europe', 'Asia', 'Africa', 'Oceania', 'Middle East'], to_lowercase = True, remove_spaces = True
2025-05-16 16:32:56.004 | INFO     | __main__:create_standardized_folders:195 - PARAMETERS: folder_list = ['North America', 'South America', 'Europe', 'Asia', 'Africa', 'Oceania', 'Middle East'], to_lowercase = True, remove_spaces = True
2025-05-16 16:32:56.006 | INFO     | __main__:create_standardized_folders:205 - Created standardized folder: C:\Projects\datafun-02-automation\standard_folder_northamerica
2025-05-16 16:32:56.006 | INFO     | __main__:create_standardized_folders:205 - Created standardized folder: C:\Projects\datafun-02-automation\standard_folder_northamerica
2025-05-16 16:32:56.007 | INFO     | __main__:create_standardized_folders:205 - Created standardized folder: C:\Projects\datafun-02-automation\standard_folder_southamerica
2025-05-16 16:32:56.007 | INFO     | __main__:create_standardized_folders:205 - Created standardized folder: C:\Projects\datafun-02-automation\standard_folder_southamerica
2025-05-16 16:32:56.007 | INFO     | __main__:create_standardized_folders:205 - Created standardized folder: C:\Projects\datafun-02-automation\standard_folder_europe
2025-05-16 16:32:56.007 | INFO     | __main__:create_standardized_folders:205 - Created standardized folder: C:\Projects\datafun-02-automation\standard_folder_europe
2025-05-16 16:32:56.008 | INFO     | __main__:create_standardized_folders:205 - Created standardized folder: C:\Projects\datafun-02-automation\standard_folder_asia
2025-05-16 16:32:56.008 | INFO     | __main__:create_standardized_folders:205 - Created standardized folder: C:\Projects\datafun-02-automation\standard_folder_asia
2025-05-16 16:32:56.008 | INFO     | __main__:create_standardized_folders:205 - Created standardized folder: C:\Projects\datafun-02-automation\standard_folder_africa
2025-05-16 16:32:56.008 | INFO     | __main__:create_standardized_folders:205 - Created standardized folder: C:\Projects\datafun-02-automation\standard_folder_africa
2025-05-16 16:32:56.008 | INFO     | __main__:create_standardized_folders:205 - Created standardized folder: C:\Projects\datafun-02-automation\standard_folder_oceania
2025-05-16 16:32:56.008 | INFO     | __main__:create_standardized_folders:205 - Created standardized folder: C:\Projects\datafun-02-automation\standard_folder_oceania
2025-05-16 16:32:56.009 | INFO     | __main__:create_standardized_folders:205 - Created standardized folder: C:\Projects\datafun-02-automation\standard_folder_middleeast
2025-05-16 16:32:56.009 | INFO     | __main__:create_standardized_folders:205 - Created standardized folder: C:\Projects\datafun-02-automation\standard_folder_middleeast
2025-05-16 16:32:56.009 | INFO     | __main__:main:240 - 
#####################################
2025-05-16 16:32:56.009 | INFO     | __main__:main:240 - 
#####################################
2025-05-16 16:32:56.009 | INFO     | __main__:main:241 - # Completed execution of main()
2025-05-16 16:32:56.009 | INFO     | __main__:main:241 - # Completed execution of main()
2025-05-16 16:32:56.009 | INFO     | __main__:main:242 - #####################################
2025-05-16 16:32:56.009 | INFO     | __main__:main:242 - #####################################
